<?xml version="1.0" encoding="UTF-8"?>
<!-- Generated by org.testng.reporters.JUnitReportReporter -->
<testsuite hostname="Mainframe" failures="0" tests="1" name="Tests.Register.Cases.Regresion.TestNextButton" time="3.835" errors="0" timestamp="2022-02-07T20:59:17 CET" skipped="0">
  <testcase classname="Tests.Register.Cases.Regresion.TestNextButton" name="validCredentials" time="3.835"/>
</testsuite> <!-- Tests.Register.Cases.Regresion.TestNextButton -->
