<?xml version="1.0" encoding="UTF-8"?>
<!-- Generated by org.testng.reporters.JUnitReportReporter -->
<testsuite hostname="Mainframe" failures="0" tests="1" name="KeyFlow.TestFlow" time="3.206" errors="0" timestamp="2022-02-01T17:37:20 CET" skipped="0">
  <testcase classname="KeyFlow.TestFlow" name="tests" time="3.206"/>
  <system-out/>
</testsuite> <!-- KeyFlow.TestFlow -->
