<?xml version="1.0" encoding="UTF-8"?>
<!-- Generated by org.testng.reporters.JUnitReportReporter -->
<testsuite hostname="Mainframe" failures="0" tests="1" name="Tests.Register.Cases.TestAcademySelection" time="4.119" errors="0" timestamp="2022-02-06T17:51:13 CET" skipped="0">
  <testcase classname="Tests.Register.Cases.TestAcademySelection" name="tests" time="4.119"/>
  <system-out/>
</testsuite> <!-- Tests.Register.Cases.TestAcademySelection -->
