<?xml version="1.0" encoding="UTF-8"?>
<!-- Generated by org.testng.reporters.JUnitReportReporter -->
<testsuite hostname="Mainframe" failures="0" tests="1" name="Tests.Register.Cases.TestContinueRegistrationSecondForm" time="4.461" errors="0" timestamp="2022-02-03T04:01:39 CET" skipped="0">
  <testcase classname="Tests.Register.Cases.TestContinueRegistrationSecondForm" name="tests" time="4.461"/>
  <system-out/>
</testsuite> <!-- Tests.Register.Cases.TestContinueRegistrationSecondForm -->
