<?xml version="1.0" encoding="UTF-8"?>
<!-- Generated by org.testng.reporters.JUnitReportReporter -->
<testsuite hostname="Mainframe" failures="0" tests="1" name="Tests.Register.Cases.Regresion.TestContinueRegistrationFourthForm" time="6.205" errors="0" timestamp="2022-02-07T20:59:17 CET" skipped="0">
  <testcase classname="Tests.Register.Cases.Regresion.TestContinueRegistrationFourthForm" name="flowTest" time="6.205"/>
</testsuite> <!-- Tests.Register.Cases.Regresion.TestContinueRegistrationFourthForm -->
