<?xml version="1.0" encoding="UTF-8"?>
<!-- Generated by org.testng.reporters.JUnitReportReporter -->
<testsuite hostname="Mainframe" failures="0" tests="1" name="Tests.Register.Cases.TestNameMandatory" time="2.201" errors="0" timestamp="2022-02-03T04:01:39 CET" skipped="0">
  <testcase classname="Tests.Register.Cases.TestNameMandatory" name="tests" time="2.201"/>
  <system-out/>
</testsuite> <!-- Tests.Register.Cases.TestNameMandatory -->
