<?xml version="1.0" encoding="UTF-8"?>
<!-- Generated by org.testng.reporters.JUnitReportReporter -->
<testsuite hostname="Mainframe" failures="0" tests="1" name="Register.Negative.TestPasswordLimit" time="1.855" errors="0" timestamp="2022-02-01T17:37:20 CET" skipped="0">
  <testcase classname="Register.Negative.TestPasswordLimit" name="tests" time="1.855"/>
  <system-out/>
</testsuite> <!-- Register.Negative.TestPasswordLimit -->
