<?xml version="1.0" encoding="UTF-8"?>
<!-- Generated by org.testng.reporters.JUnitReportReporter -->
<testsuite hostname="Mainframe" failures="0" tests="1" name="Register.Positive.TestAcademySelection" time="2.719" errors="0" timestamp="2022-02-01T17:37:20 CET" skipped="0">
  <testcase classname="Register.Positive.TestAcademySelection" name="tests" time="2.719"/>
  <system-out/>
</testsuite> <!-- Register.Positive.TestAcademySelection -->
