<?xml version="1.0" encoding="UTF-8"?>
<!-- Generated by org.testng.reporters.JUnitReportReporter -->
<testsuite hostname="Mainframe" failures="0" tests="1" name="Register.Negative.TestSymbolsForName" time="2.024" errors="0" timestamp="2022-02-01T17:37:20 CET" skipped="0">
  <testcase classname="Register.Negative.TestSymbolsForName" name="tests" time="2.024"/>
  <system-out/>
</testsuite> <!-- Register.Negative.TestSymbolsForName -->
