<?xml version="1.0" encoding="UTF-8"?>
<!-- Generated by org.testng.reporters.JUnitReportReporter -->
<testsuite hostname="Mainframe" failures="0" tests="1" name="Tests.Register.Cases.TestNextButton" time="2.324" errors="0" timestamp="2022-02-03T04:01:39 CET" skipped="0">
  <testcase classname="Tests.Register.Cases.TestNextButton" name="tests" time="2.324"/>
  <system-out/>
</testsuite> <!-- Tests.Register.Cases.TestNextButton -->
